build/app/intermediates/manifest_merge_blame_file/release/manifest-merger-blame-release-report.txt
1<?xml version="1.0" encoding="utf-8"?>
2<manifest xmlns:android="http://schemas.android.com/apk/res/android"
3    package="th.go.nasancity"
4    android:versionCode="1"
5    android:versionName="1.0.0" >
6
7    <uses-sdk
8        android:minSdkVersion="21"
8-->src/main/AndroidManifest.xml
9        android:targetSdkVersion="30" />
9-->src/main/AndroidManifest.xml
10
11    <uses-permission android:name="android.permission.INTERNET" />
11-->src/main/AndroidManifest.xml:3:5-67
11-->src/main/AndroidManifest.xml:3:22-64
12    <uses-permission android:name="android.permission.CAMERA" />
12-->src/main/AndroidManifest.xml:4:5-65
12-->src/main/AndroidManifest.xml:4:22-62
13    <uses-permission android:name="android.permission.READ_EXTERNAL_STORAGE" />
13-->src/main/AndroidManifest.xml:5:5-80
13-->src/main/AndroidManifest.xml:5:22-77
14    <uses-permission android:name="android.permission.WRITE_EXTERNAL_STORAGE" />
14-->src/main/AndroidManifest.xml:6:5-81
14-->src/main/AndroidManifest.xml:6:22-78
15    <uses-permission android:name="android.permission.ACCESS_COARSE_LOCATION" />
15-->src/main/AndroidManifest.xml:7:5-81
15-->src/main/AndroidManifest.xml:7:22-78
16    <uses-permission android:name="android.permission.ACCESS_FINE_LOCATION" />
16-->src/main/AndroidManifest.xml:8:5-79
16-->src/main/AndroidManifest.xml:8:22-76
17    <uses-permission android:name="android.permission.ACCESS_NETWORK_STATE" />
17-->src/main/AndroidManifest.xml:9:5-79
17-->src/main/AndroidManifest.xml:9:22-76
18    <uses-permission android:name="android.permission.RECEIVE_BOOT_COMPLETED" />
18-->[:flutter_local_notifications] AndroidManifest.xml:7:5-81
18-->[:flutter_local_notifications] AndroidManifest.xml:7:22-78
19    <uses-permission android:name="android.permission.VIBRATE" />
19-->[:flutter_local_notifications] AndroidManifest.xml:8:5-66
19-->[:flutter_local_notifications] AndroidManifest.xml:8:22-63
20    <uses-permission android:name="android.permission.USE_FULL_SCREEN_INTENT" />
20-->[:flutter_local_notifications] AndroidManifest.xml:9:5-81
20-->[:flutter_local_notifications] AndroidManifest.xml:9:22-78
21    <uses-permission android:name="android.permission.WAKE_LOCK" /> <!-- Required by older versions of Google Play services to create IID tokens -->
21-->[com.google.firebase:firebase-messaging:21.1.0] AndroidManifest.xml:23:5-68
21-->[com.google.firebase:firebase-messaging:21.1.0] AndroidManifest.xml:23:22-65
22    <uses-permission android:name="com.google.android.c2dm.permission.RECEIVE" />
22-->[com.google.firebase:firebase-messaging:21.1.0] AndroidManifest.xml:25:5-82
22-->[com.google.firebase:firebase-messaging:21.1.0] AndroidManifest.xml:25:22-79
23
24    <uses-feature
24-->[com.google.android.gms:play-services-maps:17.0.0] AndroidManifest.xml:26:5-28:35
25        android:glEsVersion="0x00020000"
25-->[com.google.android.gms:play-services-maps:17.0.0] AndroidManifest.xml:27:9-41
26        android:required="true" />
26-->[com.google.android.gms:play-services-maps:17.0.0] AndroidManifest.xml:28:9-32
27
28    <uses-permission android:name="com.google.android.finsky.permission.BIND_GET_INSTALL_REFERRER_SERVICE" />
28-->[com.google.android.gms:play-services-measurement:18.0.3] AndroidManifest.xml:26:5-110
28-->[com.google.android.gms:play-services-measurement:18.0.3] AndroidManifest.xml:26:22-107
29
30    <application
30-->src/main/AndroidManifest.xml:11:5-57:19
31        android:name="io.flutter.app.FlutterApplication"
31-->src/main/AndroidManifest.xml:11:18-66
32        android:allowBackup="true"
32-->[com.linecorp.linesdk:linesdk:5.4.1] AndroidManifest.xml:12:9-35
33        android:appComponentFactory="androidx.core.app.CoreComponentFactory"
33-->[androidx.core:core:1.3.1] AndroidManifest.xml:24:18-86
34        android:icon="@mipmap/launcher_icon"
34-->src/main/AndroidManifest.xml:11:67-103
35        android:label="ทม.นาสาร"
35-->src/main/AndroidManifest.xml:11:148-172
36        android:requestLegacyExternalStorage="true"
36-->src/main/AndroidManifest.xml:11:104-147
37        android:supportsRtl="true"
37-->[com.linecorp.linesdk:linesdk:5.4.1] AndroidManifest.xml:13:9-35
38        android:usesCleartextTraffic="true" >
38-->src/main/AndroidManifest.xml:11:173-208
39        <activity
39-->src/main/AndroidManifest.xml:13:9-29:20
40            android:name="th.go.nasancity.MainActivity"
40-->src/main/AndroidManifest.xml:13:19-47
41            android:configChanges="orientation|keyboardHidden|keyboard|screenSize|smallestScreenSize|locale|layoutDirection|fontScale|screenLayout|density|uiMode"
41-->src/main/AndroidManifest.xml:13:48-198
42            android:hardwareAccelerated="true"
42-->src/main/AndroidManifest.xml:13:199-233
43            android:launchMode="singleTop"
43-->src/main/AndroidManifest.xml:13:234-264
44            android:theme="@style/LaunchTheme"
44-->src/main/AndroidManifest.xml:13:265-299
45            android:windowSoftInputMode="adjustResize" >
45-->src/main/AndroidManifest.xml:13:300-342
46
47            <!--
48                 Specifies an Android theme to apply to this Activity as soon as
49                 the Android process has started. This theme is visible to the user
50                 while the Flutter UI initializes. After that, this theme continues
51                 to determine the Window background behind the Flutter UI.
52            -->
53            <meta-data
53-->src/main/AndroidManifest.xml:18:13-120
54                android:name="io.flutter.embedding.android.NormalTheme"
54-->src/main/AndroidManifest.xml:18:24-79
55                android:resource="@style/NormalTheme" />
55-->src/main/AndroidManifest.xml:18:80-117
56            <!--
57                 Displays an Android View that continues showing the launch screen
58                 Drawable until Flutter paints its first frame, then this splash
59                 screen fades out. A splash screen is useful to avoid any visual
60                 gap between the end of Android's launch screen and the painting of
61                 Flutter's first frame.
62            -->
63            <meta-data
63-->src/main/AndroidManifest.xml:24:13-138
64                android:name="io.flutter.embedding.android.SplashScreenDrawable"
64-->src/main/AndroidManifest.xml:24:24-88
65                android:resource="@drawable/launch_background" />
65-->src/main/AndroidManifest.xml:24:89-135
66
67            <intent-filter>
67-->src/main/AndroidManifest.xml:25:13-28:29
68                <action android:name="android.intent.action.MAIN" />
68-->src/main/AndroidManifest.xml:26:17-69
68-->src/main/AndroidManifest.xml:26:25-66
69
70                <category android:name="android.intent.category.LAUNCHER" />
70-->src/main/AndroidManifest.xml:27:17-77
70-->src/main/AndroidManifest.xml:27:27-74
71            </intent-filter>
72        </activity>
73
74        <meta-data
74-->src/main/AndroidManifest.xml:31:9-108
75            android:name="com.facebook.sdk.ApplicationId"
75-->src/main/AndroidManifest.xml:31:20-65
76            android:value="@string/facebook_app_id" />
76-->src/main/AndroidManifest.xml:31:66-105
77
78        <activity
78-->src/main/AndroidManifest.xml:32:9-183
79            android:name="com.facebook.FacebookActivity"
79-->src/main/AndroidManifest.xml:32:19-63
80            android:configChanges="keyboard|keyboardHidden|screenLayout|screenSize|orientation"
80-->src/main/AndroidManifest.xml:32:64-147
81            android:label="@string/app_name"
81-->src/main/AndroidManifest.xml:32:148-180
82            android:theme="@style/com_facebook_activity_theme" />
82-->[com.facebook.android:facebook-common:5.15.3] AndroidManifest.xml:33:13-63
83        <activity
83-->src/main/AndroidManifest.xml:33:9-40:20
84            android:name="com.facebook.CustomTabActivity"
84-->src/main/AndroidManifest.xml:33:19-64
85            android:exported="true" >
85-->src/main/AndroidManifest.xml:33:65-88
86            <intent-filter>
86-->src/main/AndroidManifest.xml:34:13-39:29
87                <action android:name="android.intent.action.VIEW" />
87-->src/main/AndroidManifest.xml:35:17-69
87-->src/main/AndroidManifest.xml:35:25-66
88
89                <category android:name="android.intent.category.DEFAULT" />
89-->src/main/AndroidManifest.xml:36:17-76
89-->src/main/AndroidManifest.xml:36:27-73
90                <category android:name="android.intent.category.BROWSABLE" />
90-->src/main/AndroidManifest.xml:37:17-78
90-->src/main/AndroidManifest.xml:37:27-75
91
92                <data android:scheme="@string/fb_login_protocol_scheme" />
92-->src/main/AndroidManifest.xml:38:17-75
92-->src/main/AndroidManifest.xml:38:23-72
93            </intent-filter>
94            <intent-filter>
94-->[com.facebook.android:facebook-common:5.15.3] AndroidManifest.xml:39:13-48:29
95                <action android:name="android.intent.action.VIEW" />
95-->src/main/AndroidManifest.xml:35:17-69
95-->src/main/AndroidManifest.xml:35:25-66
96
97                <category android:name="android.intent.category.DEFAULT" />
97-->src/main/AndroidManifest.xml:36:17-76
97-->src/main/AndroidManifest.xml:36:27-73
98                <category android:name="android.intent.category.BROWSABLE" />
98-->src/main/AndroidManifest.xml:37:17-78
98-->src/main/AndroidManifest.xml:37:27-75
99
100                <data
100-->src/main/AndroidManifest.xml:38:17-75
101                    android:host="cct.th.go.nasancity"
101-->src/main/AndroidManifest.xml:47:52-78
102                    android:scheme="fbconnect" />
102-->src/main/AndroidManifest.xml:38:23-72
103            </intent-filter>
104        </activity>
105        <!-- LINE -->
106        <activity android:name="th.go.nasancity.SchemeActivity" >
106-->src/main/AndroidManifest.xml:42:9-49:20
106-->src/main/AndroidManifest.xml:42:19-49
107            <intent-filter>
107-->src/main/AndroidManifest.xml:43:13-48:29
108                <action android:name="android.intent.action.VIEW" />
108-->src/main/AndroidManifest.xml:35:17-69
108-->src/main/AndroidManifest.xml:35:25-66
109
110                <category android:name="android.intent.category.DEFAULT" />
110-->src/main/AndroidManifest.xml:36:17-76
110-->src/main/AndroidManifest.xml:36:27-73
111                <category android:name="android.intent.category.BROWSABLE" />
111-->src/main/AndroidManifest.xml:37:17-78
111-->src/main/AndroidManifest.xml:37:27-75
112
113                <data
113-->src/main/AndroidManifest.xml:38:17-75
114                    android:host="llatutorial"
114-->src/main/AndroidManifest.xml:47:52-78
115                    android:scheme="llatutorial" />
115-->src/main/AndroidManifest.xml:38:23-72
116            </intent-filter>
117        </activity>
118
119        <meta-data
119-->src/main/AndroidManifest.xml:51:9-124
120            android:name="com.google.android.geo.API_KEY"
120-->src/main/AndroidManifest.xml:51:20-65
121            android:value="AIzaSyANBipSzlZyG8d2ms9J-C7S22GFvHyGUDc" />
121-->src/main/AndroidManifest.xml:51:66-121
122
123        <!--
124             Don't delete the meta-data below.
125             This is used by the Flutter tool to generate GeneratedPluginRegistrant.java
126        -->
127        <meta-data
127-->src/main/AndroidManifest.xml:56:9-72
128            android:name="flutterEmbedding"
128-->src/main/AndroidManifest.xml:56:20-51
129            android:value="2" />
129-->src/main/AndroidManifest.xml:56:52-69
130
131        <service android:name="io.flutter.plugins.firebasemessaging.FlutterFirebaseMessagingService" >
131-->[:firebase_messaging] AndroidManifest.xml:8:9-12:19
131-->[:firebase_messaging] AndroidManifest.xml:8:18-101
132            <intent-filter>
132-->[:firebase_messaging] AndroidManifest.xml:9:13-11:29
133                <action android:name="com.google.firebase.MESSAGING_EVENT" />
133-->[:firebase_messaging] AndroidManifest.xml:10:17-78
133-->[:firebase_messaging] AndroidManifest.xml:10:25-75
134            </intent-filter>
135        </service>
136        <service
136-->[:firebase_messaging] AndroidManifest.xml:13:9-17:19
137            android:name="com.google.firebase.components.ComponentDiscoveryService"
137-->[:firebase_messaging] AndroidManifest.xml:13:18-89
138            android:directBootAware="true"
138-->[com.google.firebase:firebase-common:19.5.0] AndroidManifest.xml:35:13-43
139            android:exported="false" >
139-->[com.google.firebase:firebase-messaging:21.1.0] AndroidManifest.xml:51:13-37
140            <meta-data
140-->[:firebase_messaging] AndroidManifest.xml:14:13-16:85
141                android:name="com.google.firebase.components:io.flutter.plugins.firebasemessaging.FlutterFirebaseAppRegistrar"
141-->[:firebase_messaging] AndroidManifest.xml:15:17-127
142                android:value="com.google.firebase.components.ComponentRegistrar" />
142-->[:firebase_messaging] AndroidManifest.xml:16:17-82
143            <meta-data
143-->[:firebase_core] AndroidManifest.xml:9:13-11:85
144                android:name="com.google.firebase.components:io.flutter.plugins.firebase.core.FlutterFirebaseCoreRegistrar"
144-->[:firebase_core] AndroidManifest.xml:10:17-124
145                android:value="com.google.firebase.components.ComponentRegistrar" />
145-->[:firebase_core] AndroidManifest.xml:11:17-82
146            <meta-data
146-->[com.google.firebase:firebase-messaging:21.1.0] AndroidManifest.xml:52:13-54:85
147                android:name="com.google.firebase.components:com.google.firebase.messaging.FirebaseMessagingRegistrar"
147-->[com.google.firebase:firebase-messaging:21.1.0] AndroidManifest.xml:53:17-119
148                android:value="com.google.firebase.components.ComponentRegistrar" />
148-->[com.google.firebase:firebase-messaging:21.1.0] AndroidManifest.xml:54:17-82
149            <meta-data
149-->[com.google.firebase:firebase-datatransport:17.0.10] AndroidManifest.xml:28:13-30:85
150                android:name="com.google.firebase.components:com.google.firebase.datatransport.TransportRegistrar"
150-->[com.google.firebase:firebase-datatransport:17.0.10] AndroidManifest.xml:29:17-115
151                android:value="com.google.firebase.components.ComponentRegistrar" />
151-->[com.google.firebase:firebase-datatransport:17.0.10] AndroidManifest.xml:30:17-82
152            <meta-data
152-->[com.google.firebase:firebase-iid:21.1.0] AndroidManifest.xml:32:13-34:85
153                android:name="com.google.firebase.components:com.google.firebase.iid.Registrar"
153-->[com.google.firebase:firebase-iid:21.1.0] AndroidManifest.xml:33:17-96
154                android:value="com.google.firebase.components.ComponentRegistrar" />
154-->[com.google.firebase:firebase-iid:21.1.0] AndroidManifest.xml:34:17-82
155            <meta-data
155-->[com.google.android.gms:play-services-measurement-api:18.0.3] AndroidManifest.xml:30:13-32:85
156                android:name="com.google.firebase.components:com.google.firebase.analytics.connector.internal.AnalyticsConnectorRegistrar"
156-->[com.google.android.gms:play-services-measurement-api:18.0.3] AndroidManifest.xml:31:17-139
157                android:value="com.google.firebase.components.ComponentRegistrar" />
157-->[com.google.android.gms:play-services-measurement-api:18.0.3] AndroidManifest.xml:32:17-82
158            <meta-data
158-->[com.google.firebase:firebase-installations:16.3.5] AndroidManifest.xml:18:13-20:85
159                android:name="com.google.firebase.components:com.google.firebase.installations.FirebaseInstallationsRegistrar"
159-->[com.google.firebase:firebase-installations:16.3.5] AndroidManifest.xml:19:17-127
160                android:value="com.google.firebase.components.ComponentRegistrar" />
160-->[com.google.firebase:firebase-installations:16.3.5] AndroidManifest.xml:20:17-82
161            <!--
162                This registrar is not defined in the dynamic-module-support sdk itself to allow non-firebase
163                clients to use it as well, by defining this registrar in their own core/common library.
164            -->
165            <meta-data
165-->[com.google.firebase:firebase-common:19.5.0] AndroidManifest.xml:43:13-45:85
166                android:name="com.google.firebase.components:com.google.firebase.dynamicloading.DynamicLoadingRegistrar"
166-->[com.google.firebase:firebase-common:19.5.0] AndroidManifest.xml:44:17-121
167                android:value="com.google.firebase.components.ComponentRegistrar" />
167-->[com.google.firebase:firebase-common:19.5.0] AndroidManifest.xml:45:17-82
168        </service>
169
170        <provider
170-->[:image_picker] AndroidManifest.xml:11:9-19:20
171            android:name="io.flutter.plugins.imagepicker.ImagePickerFileProvider"
171-->[:image_picker] AndroidManifest.xml:12:13-82
172            android:authorities="th.go.nasancity.flutter.image_provider"
172-->[:image_picker] AndroidManifest.xml:13:13-74
173            android:exported="false"
173-->[:image_picker] AndroidManifest.xml:14:13-37
174            android:grantUriPermissions="true" >
174-->[:image_picker] AndroidManifest.xml:15:13-47
175            <meta-data
175-->[:image_picker] AndroidManifest.xml:16:13-18:75
176                android:name="android.support.FILE_PROVIDER_PATHS"
176-->[:image_picker] AndroidManifest.xml:17:17-67
177                android:resource="@xml/flutter_image_picker_file_paths" />
177-->[:image_picker] AndroidManifest.xml:18:17-72
178        </provider>
179
180        <receiver android:name="com.dexterous.flutterlocalnotifications.ScheduledNotificationReceiver" />
180-->[:flutter_local_notifications] AndroidManifest.xml:12:9-106
180-->[:flutter_local_notifications] AndroidManifest.xml:12:19-103
181        <receiver android:name="com.dexterous.flutterlocalnotifications.ScheduledNotificationBootReceiver" >
181-->[:flutter_local_notifications] AndroidManifest.xml:13:9-20:20
181-->[:flutter_local_notifications] AndroidManifest.xml:13:19-107
182            <intent-filter>
182-->[:flutter_local_notifications] AndroidManifest.xml:14:13-19:29
183                <action android:name="android.intent.action.BOOT_COMPLETED" />
183-->[:flutter_local_notifications] AndroidManifest.xml:15:17-79
183-->[:flutter_local_notifications] AndroidManifest.xml:15:25-76
184                <action android:name="android.intent.action.MY_PACKAGE_REPLACED" />
184-->[:flutter_local_notifications] AndroidManifest.xml:16:17-84
184-->[:flutter_local_notifications] AndroidManifest.xml:16:25-81
185                <action android:name="android.intent.action.QUICKBOOT_POWERON" />
185-->[:flutter_local_notifications] AndroidManifest.xml:17:17-82
185-->[:flutter_local_notifications] AndroidManifest.xml:17:25-79
186                <action android:name="com.htc.intent.action.QUICKBOOT_POWERON" />
186-->[:flutter_local_notifications] AndroidManifest.xml:18:17-82
186-->[:flutter_local_notifications] AndroidManifest.xml:18:25-79
187            </intent-filter>
188        </receiver>
189
190        <provider
190-->[:flutter_webview_plugin] AndroidManifest.xml:9:9-18:20
191            android:name="androidx.core.content.FileProvider"
191-->[:flutter_webview_plugin] AndroidManifest.xml:10:13-62
192            android:authorities="th.go.nasancity.fileprovider"
192-->[:flutter_webview_plugin] AndroidManifest.xml:11:13-64
193            android:exported="false"
193-->[:flutter_webview_plugin] AndroidManifest.xml:12:13-37
194            android:grantUriPermissions="true" >
194-->[:flutter_webview_plugin] AndroidManifest.xml:13:13-47
195            <meta-data
195-->[:image_picker] AndroidManifest.xml:16:13-18:75
196                android:name="android.support.FILE_PROVIDER_PATHS"
196-->[:image_picker] AndroidManifest.xml:17:17-67
197                android:resource="@xml/filepaths" />
197-->[:image_picker] AndroidManifest.xml:18:17-72
198        </provider>
199
200        <activity
200-->[:url_launcher] AndroidManifest.xml:8:9-11:74
201            android:name="io.flutter.plugins.urllauncher.WebViewActivity"
201-->[:url_launcher] AndroidManifest.xml:9:13-74
202            android:exported="false"
202-->[:url_launcher] AndroidManifest.xml:10:13-37
203            android:theme="@android:style/Theme.NoTitleBar.Fullscreen" />
203-->[:url_launcher] AndroidManifest.xml:11:13-71
204
205        <provider
205-->[:share] AndroidManifest.xml:8:9-16:20
206            android:name="io.flutter.plugins.share.ShareFileProvider"
206-->[:share] AndroidManifest.xml:9:13-70
207            android:authorities="th.go.nasancity.flutter.share_provider"
207-->[:share] AndroidManifest.xml:10:13-74
208            android:exported="false"
208-->[:share] AndroidManifest.xml:11:13-37
209            android:grantUriPermissions="true" >
209-->[:share] AndroidManifest.xml:12:13-47
210            <meta-data
210-->[:image_picker] AndroidManifest.xml:16:13-18:75
211                android:name="android.support.FILE_PROVIDER_PATHS"
211-->[:image_picker] AndroidManifest.xml:17:17-67
212                android:resource="@xml/flutter_share_file_paths" />
212-->[:image_picker] AndroidManifest.xml:18:17-72
213        </provider>
214
215        <activity
215-->[com.linecorp.linesdk:linesdk:5.4.1] AndroidManifest.xml:14:9-16:59
216            android:name="com.linecorp.linesdk.openchat.ui.CreateOpenChatActivity"
216-->[com.linecorp.linesdk:linesdk:5.4.1] AndroidManifest.xml:15:13-83
217            android:theme="@style/AppTheme.NoActionBar" />
217-->[com.linecorp.linesdk:linesdk:5.4.1] AndroidManifest.xml:16:13-56
218        <!--
219         "launchMode" of this activity must not be singleInstance and singleTask because, this is
220         launched with using startActivityForResult().
221         This activity must be stacked on same Activity Stack of the caller.
222        -->
223        <activity
223-->[com.linecorp.linesdk:linesdk:5.4.1] AndroidManifest.xml:22:9-27:69
224            android:name="com.linecorp.linesdk.auth.internal.LineAuthenticationActivity"
224-->[com.linecorp.linesdk:linesdk:5.4.1] AndroidManifest.xml:23:13-89
225            android:configChanges="orientation|screenSize|keyboardHidden"
225-->[com.linecorp.linesdk:linesdk:5.4.1] AndroidManifest.xml:24:13-74
226            android:exported="false"
226-->[com.linecorp.linesdk:linesdk:5.4.1] AndroidManifest.xml:25:13-37
227            android:launchMode="singleTop"
227-->[com.linecorp.linesdk:linesdk:5.4.1] AndroidManifest.xml:26:13-43
228            android:theme="@style/LineSdk_AuthenticationActivity" />
228-->[com.linecorp.linesdk:linesdk:5.4.1] AndroidManifest.xml:27:13-66
229        <activity
229-->[com.linecorp.linesdk:linesdk:5.4.1] AndroidManifest.xml:28:9-40:20
230            android:name="com.linecorp.linesdk.auth.internal.LineAuthenticationCallbackActivity"
230-->[com.linecorp.linesdk:linesdk:5.4.1] AndroidManifest.xml:29:13-97
231            android:configChanges="orientation|screenSize|keyboardHidden"
231-->[com.linecorp.linesdk:linesdk:5.4.1] AndroidManifest.xml:30:13-74
232            android:exported="true" >
232-->[com.linecorp.linesdk:linesdk:5.4.1] AndroidManifest.xml:31:13-36
233            <intent-filter>
233-->[com.linecorp.linesdk:linesdk:5.4.1] AndroidManifest.xml:32:13-39:29
234                <action android:name="android.intent.action.VIEW" />
234-->src/main/AndroidManifest.xml:35:17-69
234-->src/main/AndroidManifest.xml:35:25-66
235
236                <category android:name="android.intent.category.DEFAULT" />
236-->src/main/AndroidManifest.xml:36:17-76
236-->src/main/AndroidManifest.xml:36:27-73
237                <category android:name="android.intent.category.BROWSABLE" />
237-->src/main/AndroidManifest.xml:37:17-78
237-->src/main/AndroidManifest.xml:37:27-75
238
239                <data android:scheme="lineauth" />
239-->src/main/AndroidManifest.xml:38:17-75
239-->src/main/AndroidManifest.xml:38:23-72
240            </intent-filter>
241        </activity>
242        <activity android:name="com.facebook.CustomTabMainActivity" />
242-->[com.facebook.android:facebook-common:5.15.3] AndroidManifest.xml:34:9-71
242-->[com.facebook.android:facebook-common:5.15.3] AndroidManifest.xml:34:19-68
243
244        <receiver
244-->[com.google.firebase:firebase-messaging:21.1.0] AndroidManifest.xml:28:9-35:20
245            android:name="com.google.firebase.iid.FirebaseInstanceIdReceiver"
245-->[com.google.firebase:firebase-messaging:21.1.0] AndroidManifest.xml:29:13-78
246            android:exported="true"
246-->[com.google.firebase:firebase-messaging:21.1.0] AndroidManifest.xml:30:13-36
247            android:permission="com.google.android.c2dm.permission.SEND" >
247-->[com.google.firebase:firebase-messaging:21.1.0] AndroidManifest.xml:31:13-73
248            <intent-filter>
248-->[com.google.firebase:firebase-messaging:21.1.0] AndroidManifest.xml:32:13-34:29
249                <action android:name="com.google.android.c2dm.intent.RECEIVE" />
249-->[com.google.firebase:firebase-messaging:21.1.0] AndroidManifest.xml:33:17-81
249-->[com.google.firebase:firebase-messaging:21.1.0] AndroidManifest.xml:33:25-78
250            </intent-filter>
251        </receiver>
252        <!--
253             FirebaseMessagingService performs security checks at runtime,
254             but set to not exported to explicitly avoid allowing another app to call it.
255        -->
256        <service
256-->[com.google.firebase:firebase-messaging:21.1.0] AndroidManifest.xml:41:9-48:19
257            android:name="com.google.firebase.messaging.FirebaseMessagingService"
257-->[com.google.firebase:firebase-messaging:21.1.0] AndroidManifest.xml:42:13-82
258            android:directBootAware="true"
258-->[com.google.firebase:firebase-messaging:21.1.0] AndroidManifest.xml:43:13-43
259            android:exported="false" >
259-->[com.google.firebase:firebase-messaging:21.1.0] AndroidManifest.xml:44:13-37
260            <intent-filter android:priority="-500" >
260-->[:firebase_messaging] AndroidManifest.xml:9:13-11:29
261                <action android:name="com.google.firebase.MESSAGING_EVENT" />
261-->[:firebase_messaging] AndroidManifest.xml:10:17-78
261-->[:firebase_messaging] AndroidManifest.xml:10:25-75
262            </intent-filter>
263        </service>
264        <service
264-->[com.google.android.datatransport:transport-backend-cct:2.3.3] AndroidManifest.xml:29:9-35:19
265            android:name="com.google.android.datatransport.runtime.backends.TransportBackendDiscovery"
265-->[com.google.android.datatransport:transport-backend-cct:2.3.3] AndroidManifest.xml:30:13-103
266            android:exported="false" >
266-->[com.google.android.datatransport:transport-backend-cct:2.3.3] AndroidManifest.xml:31:13-37
267            <meta-data
267-->[com.google.android.datatransport:transport-backend-cct:2.3.3] AndroidManifest.xml:32:13-34:39
268                android:name="backend:com.google.android.datatransport.cct.CctBackendFactory"
268-->[com.google.android.datatransport:transport-backend-cct:2.3.3] AndroidManifest.xml:33:17-94
269                android:value="cct" />
269-->[com.google.android.datatransport:transport-backend-cct:2.3.3] AndroidManifest.xml:34:17-36
270        </service>
271
272        <provider
272-->[com.google.firebase:firebase-common:19.5.0] AndroidManifest.xml:26:9-31:39
273            android:name="com.google.firebase.provider.FirebaseInitProvider"
273-->[com.google.firebase:firebase-common:19.5.0] AndroidManifest.xml:27:13-77
274            android:authorities="th.go.nasancity.firebaseinitprovider"
274-->[com.google.firebase:firebase-common:19.5.0] AndroidManifest.xml:28:13-72
275            android:directBootAware="true"
275-->[com.google.firebase:firebase-common:19.5.0] AndroidManifest.xml:29:13-43
276            android:exported="false"
276-->[com.google.firebase:firebase-common:19.5.0] AndroidManifest.xml:30:13-37
277            android:initOrder="100" />
277-->[com.google.firebase:firebase-common:19.5.0] AndroidManifest.xml:31:13-36
278        <provider
278-->[com.squareup.picasso:picasso:2.71828] AndroidManifest.xml:8:9-11:40
279            android:name="com.squareup.picasso.PicassoProvider"
279-->[com.squareup.picasso:picasso:2.71828] AndroidManifest.xml:9:13-64
280            android:authorities="th.go.nasancity.com.squareup.picasso"
280-->[com.squareup.picasso:picasso:2.71828] AndroidManifest.xml:10:13-72
281            android:exported="false" /> <!-- Needs to be explicitly declared on P+ -->
281-->[com.squareup.picasso:picasso:2.71828] AndroidManifest.xml:11:13-37
282        <uses-library
282-->[com.google.android.gms:play-services-maps:17.0.0] AndroidManifest.xml:33:9-35:40
283            android:name="org.apache.http.legacy"
283-->[com.google.android.gms:play-services-maps:17.0.0] AndroidManifest.xml:34:13-50
284            android:required="false" />
284-->[com.google.android.gms:play-services-maps:17.0.0] AndroidManifest.xml:35:13-37
285
286        <activity
286-->[com.google.android.gms:play-services-auth:16.0.1] AndroidManifest.xml:23:9-27:75
287            android:name="com.google.android.gms.auth.api.signin.internal.SignInHubActivity"
287-->[com.google.android.gms:play-services-auth:16.0.1] AndroidManifest.xml:24:13-93
288            android:excludeFromRecents="true"
288-->[com.google.android.gms:play-services-auth:16.0.1] AndroidManifest.xml:25:13-46
289            android:exported="false"
289-->[com.google.android.gms:play-services-auth:16.0.1] AndroidManifest.xml:26:13-37
290            android:theme="@android:style/Theme.Translucent.NoTitleBar" />
290-->[com.google.android.gms:play-services-auth:16.0.1] AndroidManifest.xml:27:13-72
291        <!--
292            Service handling Google Sign-In user revocation. For apps that do not integrate with
293            Google Sign-In, this service will never be started.
294        -->
295        <service
295-->[com.google.android.gms:play-services-auth:16.0.1] AndroidManifest.xml:33:9-36:110
296            android:name="com.google.android.gms.auth.api.signin.RevocationBoundService"
296-->[com.google.android.gms:play-services-auth:16.0.1] AndroidManifest.xml:34:13-89